"blank"			"=========================="
"blank"			"#Valve_Movement_Title"
"blank"			"=========================="
"+forward"				"#Valve_Move_Forward"
"+back"					"#Valve_Move_Back"
"+moveleft"				"#Valve_Move_Left"
"+moveright"			"#Valve_Move_Right"
"+speed"             	"Рывок (Зомби) / Ходьба (Люди)"
"+jump"					"#Valve_Jump"
"+duck"					"#Valve_Duck"
"blank"			"=========================="
"blank"			"#Valve_Combat_Title"
"blank"			"=========================="
"+attack"				"#Valve_Primary_Attack"
"+attack2"				"#Valve_Secondary_Attack"
"+reload"				"#Valve_Reload_Weapon"
"holster"				"Убрать оружие"
"+use"					"#Valve_Use_Items"
"enhancevision"				"Фонарь/Зомби-зрение"
"toggle r_cheapzvision"			"Переключить режим зомби-зрения"
"blank"			"=========================="
"blank"			"ИНВЕНТАРЬ"
"blank"			"=========================="
"slot1"					"Слот инвентаря 1"
"slot2"					"Слот инвентаря 2"
"slot3" 				"Слот инвентаря 3"
"slot4"					"Слот инвентаря 4"
"slot5"					"Слот инвентаря 5"
"phone"					"Достать телефон"
"invnext"				"Следующее оружие"
"invprev"				"Переключить на последнее оружие"
"lastinv"				"Предыдущее оружие"
"blank"			"=========================="
"blank"			"ГЕЙМПЛЕЙ"
"blank"			"=========================="
"dropweapon"			"Выбросить оружие"
"dropammo"				"Выбросить патроны"
"dropunusedammo"		"Выбросить лишние патроны"
"unload"				"Разрядить оружие"
"cycleammotype"			"Сменить тип выбрасываемых патронов"
"cycledropamount"		"Сменить кол-во выбрасываемых патронов"
"panic"					"Паниковать!"
"blank"			"=========================="
"blank"			"ВЫБОР КОМАНДЫ"
"blank"			"=========================="
"choose1"				"Войти за Выживших"
"choose2"				"Войти за Зомби"
"choose3"				"Наблюдать"
"choose4"				"Сменить команды (только ZPA)"
"blank"			"=========================="
"blank"			"#Valve_Communication_Title"
"blank"			"=========================="
"+voicerecord"			"#Valve_Use_Voice_Communication"
"messagemode"			"#Valve_Chat_Message"
"messagemode2"			"#Valve_Team_Message"
"+voice1"				"Голосовое меню #1"
"+voice2"				"Голосовое меню #2"
"taunt"					"Насмешка"
"blank"			"=========================="
"blank"			"#Valve_Miscellaneous_Title"
"blank"			"=========================="
"jpeg"					"#Valve_Take_Screen_Shot"
"+showscores"			"#Valve_Display_Scores"
"togglemapbrief"		"Открыть журнал заданий"
"nextmp3"			"Проиграть следующее MP3"
"prevmp3"			"Проиграть предыдущее MP3"
"stopmp3"			"Остановить MP3"
"impulse 201"			"#Valve_Spray_Logo"
"pause"					"#Valve_Pause_Game"
"quit"					"#Valve_Quit_Game"
"blank"			"=========================="
"blank"			"#Valve_Miscellaneous_Keyboard_Keys_Title"
"blank"			"=========================="
"+left"					"#Valve_Turn_Left"
"+right"				"#Valve_Turn_Right"
"+moveup"				"#Valve_Swim_Up"
"+movedown"				"#Valve_Swim_Down"
"+lookup"				"#Valve_Look_Up"
"+lookdown"				"#Valve_Look_Down"
"+strafe"				"#Valve_Strafe_Modifier"
"+klook"				"#Valve_Keyboard_Look_Modifier"

